This is pdfTeX, Version 3.141592653-2.6-1.40.24 (MiKTeX 22.3) (preloaded format=pdflatex 2022.6.13)  5 SEP 2022 12:48
entering extended mode
 restricted \write18 enabled.
 %&-line parsing enabled.
**./Supplemental-file.tex
(Supplemental-file.tex
LaTeX2e <2022-06-01> pre-release-0 (develop 2022-6-13 branch)
L3 programming layer <2022-06-02>
(C:\Users\pernille.fauskanger\AppData\Local\Programs\MiKTeX\tex/latex/base\arti
cle.cls
Document Class: article 2021/10/04 v1.4n Standard LaTeX document class

(C:\Users\pernille.fauskanger\AppData\Local\Programs\MiKTeX\tex/latex/base\size
10.clo
File: size10.clo 2021/10/04 v1.4n Standard LaTeX file (size option)
)
\c@part=\count185
\c@section=\count186
\c@subsection=\count187
\c@subsubsection=\count188
\c@paragraph=\count189
\c@subparagraph=\count190
\c@figure=\count191
\c@table=\count192
\abovecaptionskip=\skip47
\belowcaptionskip=\skip48
\bibindent=\dimen138
)
(C:\Users\pernille.fauskanger\AppData\Local\Programs\MiKTeX\tex/latex/amsmath\a
msmath.sty
Package: amsmath 2022/04/08 v2.17n AMS math features
\@mathmargin=\skip49
For additional information on amsmath, use the `?' option.

(C:\Users\pernille.fauskanger\AppData\Local\Programs\MiKTeX\tex/latex/amsmath\a
mstext.sty
Package: amstext 2021/08/26 v2.01 AMS text

(C:\Users\pernille.fauskanger\AppData\Local\Programs\MiKTeX\tex/latex/amsmath\a
msgen.sty
File: amsgen.sty 1999/11/30 v2.0 generic functions
\@emptytoks=\toks16
\ex@=\dimen139
))
(C:\Users\pernille.fauskanger\AppData\Local\Programs\MiKTeX\tex/latex/amsmath\a
msbsy.sty
Package: amsbsy 1999/11/29 v1.2d Bold Symbols
\pmbraise@=\dimen140
)
(C:\Users\pernille.fauskanger\AppData\Local\Programs\MiKTeX\tex/latex/amsmath\a
msopn.sty
Package: amsopn 2022/04/08 v2.04 operator names
)
\inf@bad=\count193
LaTeX Info: Redefining \frac on input line 234.
\uproot@=\count194
\leftroot@=\count195
LaTeX Info: Redefining \overline on input line 399.
LaTeX Info: Redefining \colon on input line 410.
\classnum@=\count196
\DOTSCASE@=\count197
LaTeX Info: Redefining \ldots on input line 496.
LaTeX Info: Redefining \dots on input line 499.
LaTeX Info: Redefining \cdots on input line 620.
\Mathstrutbox@=\box51
\strutbox@=\box52
LaTeX Info: Redefining \big on input line 722.
LaTeX Info: Redefining \Big on input line 723.
LaTeX Info: Redefining \bigg on input line 724.
LaTeX Info: Redefining \Bigg on input line 725.
\big@size=\dimen141
LaTeX Font Info:    Redeclaring font encoding OML on input line 743.
LaTeX Font Info:    Redeclaring font encoding OMS on input line 744.
\macc@depth=\count198
LaTeX Info: Redefining \bmod on input line 905.
LaTeX Info: Redefining \pmod on input line 910.
LaTeX Info: Redefining \smash on input line 940.
LaTeX Info: Redefining \relbar on input line 970.
LaTeX Info: Redefining \Relbar on input line 971.
\c@MaxMatrixCols=\count199
\dotsspace@=\muskip16
\c@parentequation=\count266
\dspbrk@lvl=\count267
\tag@help=\toks17
\row@=\count268
\column@=\count269
\maxfields@=\count270
\andhelp@=\toks18
\eqnshift@=\dimen142
\alignsep@=\dimen143
\tagshift@=\dimen144
\tagwidth@=\dimen145
\totwidth@=\dimen146
\lineht@=\dimen147
\@envbody=\toks19
\multlinegap=\skip50
\multlinetaggap=\skip51
\mathdisplay@stack=\toks20
LaTeX Info: Redefining \[ on input line 2953.
LaTeX Info: Redefining \] on input line 2954.
)
(C:\Users\pernille.fauskanger\AppData\Local\Programs\MiKTeX\tex/latex/amsfonts\
amssymb.sty
Package: amssymb 2013/01/14 v3.01 AMS font symbols

(C:\Users\pernille.fauskanger\AppData\Local\Programs\MiKTeX\tex/latex/amsfonts\
amsfonts.sty
Package: amsfonts 2013/01/14 v3.01 Basic AMSFonts support
\symAMSa=\mathgroup4
\symAMSb=\mathgroup5
LaTeX Font Info:    Redeclaring math symbol \hbar on input line 98.
LaTeX Font Info:    Overwriting math alphabet `\mathfrak' in version `bold'
(Font)                  U/euf/m/n --> U/euf/b/n on input line 106.
))
(C:\Users\pernille.fauskanger\AppData\Local\Programs\MiKTeX\tex/latex/lm\lmoder
n.sty
Package: lmodern 2015/05/01 v1.6.1 Latin Modern Fonts
LaTeX Font Info:    Overwriting symbol font `operators' in version `normal'
(Font)                  OT1/cmr/m/n --> OT1/lmr/m/n on input line 22.
LaTeX Font Info:    Overwriting symbol font `letters' in version `normal'
(Font)                  OML/cmm/m/it --> OML/lmm/m/it on input line 23.
LaTeX Font Info:    Overwriting symbol font `symbols' in version `normal'
(Font)                  OMS/cmsy/m/n --> OMS/lmsy/m/n on input line 24.
LaTeX Font Info:    Overwriting symbol font `largesymbols' in version `normal'
(Font)                  OMX/cmex/m/n --> OMX/lmex/m/n on input line 25.
LaTeX Font Info:    Overwriting symbol font `operators' in version `bold'
(Font)                  OT1/cmr/bx/n --> OT1/lmr/bx/n on input line 26.
LaTeX Font Info:    Overwriting symbol font `letters' in version `bold'
(Font)                  OML/cmm/b/it --> OML/lmm/b/it on input line 27.
LaTeX Font Info:    Overwriting symbol font `symbols' in version `bold'
(Font)                  OMS/cmsy/b/n --> OMS/lmsy/b/n on input line 28.
LaTeX Font Info:    Overwriting symbol font `largesymbols' in version `bold'
(Font)                  OMX/cmex/m/n --> OMX/lmex/m/n on input line 29.
LaTeX Font Info:    Overwriting math alphabet `\mathbf' in version `normal'
(Font)                  OT1/cmr/bx/n --> OT1/lmr/bx/n on input line 31.
LaTeX Font Info:    Overwriting math alphabet `\mathsf' in version `normal'
(Font)                  OT1/cmss/m/n --> OT1/lmss/m/n on input line 32.
LaTeX Font Info:    Overwriting math alphabet `\mathit' in version `normal'
(Font)                  OT1/cmr/m/it --> OT1/lmr/m/it on input line 33.
LaTeX Font Info:    Overwriting math alphabet `\mathtt' in version `normal'
(Font)                  OT1/cmtt/m/n --> OT1/lmtt/m/n on input line 34.
LaTeX Font Info:    Overwriting math alphabet `\mathbf' in version `bold'
(Font)                  OT1/cmr/bx/n --> OT1/lmr/bx/n on input line 35.
LaTeX Font Info:    Overwriting math alphabet `\mathsf' in version `bold'
(Font)                  OT1/cmss/bx/n --> OT1/lmss/bx/n on input line 36.
LaTeX Font Info:    Overwriting math alphabet `\mathit' in version `bold'
(Font)                  OT1/cmr/bx/it --> OT1/lmr/bx/it on input line 37.
LaTeX Font Info:    Overwriting math alphabet `\mathtt' in version `bold'
(Font)                  OT1/cmtt/m/n --> OT1/lmtt/m/n on input line 38.
)
(C:\Users\pernille.fauskanger\AppData\Local\Programs\MiKTeX\tex/generic/iftex\i
ftex.sty
Package: iftex 2022/02/03 v1.0f TeX engine tests
)
(C:\Users\pernille.fauskanger\AppData\Local\Programs\MiKTeX\tex/latex/base\font
enc.sty
Package: fontenc 2021/04/29 v2.0v Standard LaTeX package
LaTeX Font Info:    Trying to load font information for T1+lmr on input line 11
2.

(C:\Users\pernille.fauskanger\AppData\Local\Programs\MiKTeX\tex/latex/lm\t1lmr.
fd
File: t1lmr.fd 2015/05/01 v1.6.1 Font defs for Latin Modern
))
(C:\Users\pernille.fauskanger\AppData\Local\Programs\MiKTeX\tex/latex/base\inpu
tenc.sty
Package: inputenc 2021/02/14 v1.3d Input encoding file
\inpenc@prehook=\toks21
\inpenc@posthook=\toks22
)
(C:\Users\pernille.fauskanger\AppData\Local\Programs\MiKTeX\tex/latex/base\text
comp.sty
Package: textcomp 2020/02/02 v2.0n Standard LaTeX package
)
(C:\Users\pernille.fauskanger\AppData\Local\Programs\MiKTeX\tex/latex/upquote\u
pquote.sty
Package: upquote 2012/04/19 v1.3 upright-quote and grave-accent glyphs in verba
tim
)
(C:\Users\pernille.fauskanger\AppData\Local\Programs\MiKTeX\tex/latex/microtype
\microtype.sty
Package: microtype 2022/03/14 v3.0d Micro-typographical refinements (RS)

(C:\Users\pernille.fauskanger\AppData\Local\Programs\MiKTeX\tex/latex/graphics\
keyval.sty
Package: keyval 2022/05/29 v1.15 key=value parser (DPC)
\KV@toks@=\toks23
)
(C:\Users\pernille.fauskanger\AppData\Local\Programs\MiKTeX\tex/latex/etoolbox\
etoolbox.sty
Package: etoolbox 2020/10/05 v2.5k e-TeX tools for LaTeX (JAW)
\etb@tempcnta=\count271
)
\MT@toks=\toks24
\MT@tempbox=\box53
\MT@count=\count272
LaTeX Info: Redefining \noprotrusionifhmode on input line 1027.
LaTeX Info: Redefining \leftprotrusion on input line 1028.
LaTeX Info: Redefining \rightprotrusion on input line 1036.
LaTeX Info: Redefining \textls on input line 1195.
\MT@outer@kern=\dimen148
LaTeX Info: Redefining \textmicrotypecontext on input line 1781.
\MT@listname@count=\count273

(C:\Users\pernille.fauskanger\AppData\Local\Programs\MiKTeX\tex/latex/microtype
\microtype-pdftex.def
File: microtype-pdftex.def 2022/03/14 v3.0d Definitions specific to pdftex (RS)

LaTeX Info: Redefining \lsstyle on input line 900.
LaTeX Info: Redefining \lslig on input line 900.
\MT@outer@space=\skip52
)
Package microtype Info: Loading configuration file microtype.cfg.

(C:\Users\pernille.fauskanger\AppData\Local\Programs\MiKTeX\tex/latex/microtype
\microtype.cfg
File: microtype.cfg 2022/03/14 v3.0d microtype main configuration file (RS)
))
(C:\Users\pernille.fauskanger\AppData\Local\Programs\MiKTeX\tex/latex/parskip\p
arskip.sty
Package: parskip 2021-03-14 v2.0h non-zero parskip adjustments

(C:\Users\pernille.fauskanger\AppData\Local\Programs\MiKTeX\tex/latex/kvoptions
\kvoptions.sty
Package: kvoptions 2020-10-07 v3.14 Key value format for package options (HO)

(C:\Users\pernille.fauskanger\AppData\Local\Programs\MiKTeX\tex/generic/ltxcmds
\ltxcmds.sty
Package: ltxcmds 2020-05-10 v1.25 LaTeX kernel commands for general use (HO)
)
(C:\Users\pernille.fauskanger\AppData\Local\Programs\MiKTeX\tex/generic/kvsetke
ys\kvsetkeys.sty
Package: kvsetkeys 2019/12/15 v1.18 Key value parser (HO)
)))
(C:\Users\pernille.fauskanger\AppData\Local\Programs\MiKTeX\tex/latex/xcolor\xc
olor.sty
Package: xcolor 2021/10/31 v2.13 LaTeX color extensions (UK)

(C:\Users\pernille.fauskanger\AppData\Local\Programs\MiKTeX\tex/latex/graphics-
cfg\color.cfg
File: color.cfg 2016/01/02 v1.6 sample color configuration
)
Package xcolor Info: Driver file: pdftex.def on input line 227.

(C:\Users\pernille.fauskanger\AppData\Local\Programs\MiKTeX\tex/latex/graphics-
def\pdftex.def
File: pdftex.def 2020/10/05 v1.2a Graphics/color driver for pdftex
)
Package xcolor Info: Model `cmy' substituted by `cmy0' on input line 1352.
Package xcolor Info: Model `hsb' substituted by `rgb' on input line 1356.
Package xcolor Info: Model `RGB' extended on input line 1368.
Package xcolor Info: Model `HTML' substituted by `rgb' on input line 1370.
Package xcolor Info: Model `Hsb' substituted by `hsb' on input line 1371.
Package xcolor Info: Model `tHsb' substituted by `hsb' on input line 1372.
Package xcolor Info: Model `HSB' substituted by `hsb' on input line 1373.
Package xcolor Info: Model `Gray' substituted by `gray' on input line 1374.
Package xcolor Info: Model `wave' substituted by `hsb' on input line 1375.
)
(C:\Users\pernille.fauskanger\AppData\Local\Programs\MiKTeX\tex/latex/geometry\
geometry.sty
Package: geometry 2020/01/02 v5.9 Page Geometry

(C:\Users\pernille.fauskanger\AppData\Local\Programs\MiKTeX\tex/generic/iftex\i
fvtex.sty
Package: ifvtex 2019/10/25 v1.7 ifvtex legacy package. Use iftex instead.
)
\Gm@cnth=\count274
\Gm@cntv=\count275
\c@Gm@tempcnt=\count276
\Gm@bindingoffset=\dimen149
\Gm@wd@mp=\dimen150
\Gm@odd@mp=\dimen151
\Gm@even@mp=\dimen152
\Gm@layoutwidth=\dimen153
\Gm@layoutheight=\dimen154
\Gm@layouthoffset=\dimen155
\Gm@layoutvoffset=\dimen156
\Gm@dimlist=\toks25

(C:\Users\pernille.fauskanger\AppData\Local\Programs\MiKTeX\tex/latex/geometry\
geometry.cfg))
(C:\Users\pernille.fauskanger\AppData\Local\Programs\MiKTeX\tex/latex/tools\lon
gtable.sty
Package: longtable 2021-09-01 v4.17 Multi-page Table package (DPC)
\LTleft=\skip53
\LTright=\skip54
\LTpre=\skip55
\LTpost=\skip56
\LTchunksize=\count277
\LTcapwidth=\dimen157
\LT@head=\box54
\LT@firsthead=\box55
\LT@foot=\box56
\LT@lastfoot=\box57
\LT@gbox=\box58
\LT@cols=\count278
\LT@rows=\count279
\c@LT@tables=\count280
\c@LT@chunks=\count281
\LT@p@ftn=\toks26
)
(C:\Users\pernille.fauskanger\AppData\Local\Programs\MiKTeX\tex/latex/booktabs\
booktabs.sty
Package: booktabs 2020/01/12 v1.61803398 Publication quality tables
\heavyrulewidth=\dimen158
\lightrulewidth=\dimen159
\cmidrulewidth=\dimen160
\belowrulesep=\dimen161
\belowbottomsep=\dimen162
\aboverulesep=\dimen163
\abovetopsep=\dimen164
\cmidrulesep=\dimen165
\cmidrulekern=\dimen166
\defaultaddspace=\dimen167
\@cmidla=\count282
\@cmidlb=\count283
\@aboverulesep=\dimen168
\@belowrulesep=\dimen169
\@thisruleclass=\count284
\@lastruleclass=\count285
\@thisrulewidth=\dimen170
)
(C:\Users\pernille.fauskanger\AppData\Local\Programs\MiKTeX\tex/latex/tools\arr
ay.sty
Package: array 2021/10/04 v2.5f Tabular extension package (FMi)
\col@sep=\dimen171
\ar@mcellbox=\box59
\extrarowheight=\dimen172
\NC@list=\toks27
\extratabsurround=\skip57
\backup@length=\skip58
\ar@cellbox=\box60
)
(C:\Users\pernille.fauskanger\AppData\Local\Programs\MiKTeX\tex/latex/tools\cal
c.sty
Package: calc 2017/05/25 v4.3 Infix arithmetic (KKT,FJ)
\calc@Acount=\count286
\calc@Bcount=\count287
\calc@Adimen=\dimen173
\calc@Bdimen=\dimen174
\calc@Askip=\skip59
\calc@Bskip=\skip60
LaTeX Info: Redefining \setlength on input line 80.
LaTeX Info: Redefining \addtolength on input line 81.
\calc@Ccount=\count288
\calc@Cskip=\skip61
)
(C:\Users\pernille.fauskanger\AppData\Local\Programs\MiKTeX\tex/latex/footnoteh
yper\footnotehyper.sty
Package: footnotehyper 2021/08/13 v1.1e hyperref aware footnote.sty (JFB)
\FNH@notes=\box61
\FNH@width=\dimen175
\FNH@toks=\toks28
)
(C:\Users\pernille.fauskanger\AppData\Local\Programs\MiKTeX\tex/latex/graphics\
graphicx.sty
Package: graphicx 2021/09/16 v1.2d Enhanced LaTeX Graphics (DPC,SPQR)

(C:\Users\pernille.fauskanger\AppData\Local\Programs\MiKTeX\tex/latex/graphics\
graphics.sty
Package: graphics 2022/03/10 v1.4e Standard LaTeX Graphics (DPC,SPQR)

(C:\Users\pernille.fauskanger\AppData\Local\Programs\MiKTeX\tex/latex/graphics\
trig.sty
Package: trig 2021/08/11 v1.11 sin cos tan (DPC)
)
(C:\Users\pernille.fauskanger\AppData\Local\Programs\MiKTeX\tex/latex/graphics-
cfg\graphics.cfg
File: graphics.cfg 2016/06/04 v1.11 sample graphics configuration
)
Package graphics Info: Driver file: pdftex.def on input line 107.
)
\Gin@req@height=\dimen176
\Gin@req@width=\dimen177
)
(C:\Users\pernille.fauskanger\AppData\Local\Programs\MiKTeX\tex/latex/bbm\bbm.s
ty
Package: bbm 1999/03/15 V 1.2 provides fonts for set symbols - TH
LaTeX Font Info:    Overwriting math alphabet `\mathbbm' in version `bold'
(Font)                  U/bbm/m/n --> U/bbm/bx/n on input line 33.
LaTeX Font Info:    Overwriting math alphabet `\mathbbmss' in version `bold'
(Font)                  U/bbmss/m/n --> U/bbmss/bx/n on input line 35.
)
(C:\Users\pernille.fauskanger\AppData\Local\Programs\MiKTeX\tex/latex/units\nic
efrac.sty
Package: nicefrac 1998/08/04 v0.9b Nice fractions
\L@UnitsRaiseDisplaystyle=\skip62
\L@UnitsRaiseTextstyle=\skip63
\L@UnitsRaiseScriptstyle=\skip64

(C:\Users\pernille.fauskanger\AppData\Local\Programs\MiKTeX\tex/latex/base\ifth
en.sty
Package: ifthen 2022/04/13 v1.1d Standard LaTeX ifthen package (DPC)
))
(C:\Users\pernille.fauskanger\AppData\Local\Programs\MiKTeX\tex/latex/mathtools
\mathtools.sty
Package: mathtools 2022/06/29 v1.29 mathematical typesetting tools

(C:\Users\pernille.fauskanger\AppData\Local\Programs\MiKTeX\tex/latex/mathtools
\mhsetup.sty
Package: mhsetup 2021/03/18 v1.4 programming setup (MH)
)
\g_MT_multlinerow_int=\count289
\l_MT_multwidth_dim=\dimen178
\origjot=\skip65
\l_MT_shortvdotswithinadjustabove_dim=\dimen179
\l_MT_shortvdotswithinadjustbelow_dim=\dimen180
\l_MT_above_intertext_sep=\dimen181
\l_MT_below_intertext_sep=\dimen182
\l_MT_above_shortintertext_sep=\dimen183
\l_MT_below_shortintertext_sep=\dimen184
\xmathstrut@box=\box62
\xmathstrut@dim=\dimen185
)
(C:\Users\pernille.fauskanger\AppData\Local\Programs\MiKTeX\tex/latex/bookmark\
bookmark.sty
Package: bookmark 2020-11-06 v1.29 PDF bookmarks (HO)

(C:\Users\pernille.fauskanger\AppData\Local\Programs\MiKTeX\tex/latex/hyperref\
hyperref.sty
Package: hyperref 2022-05-17 v7.00q Hypertext links for LaTeX

(C:\Users\pernille.fauskanger\AppData\Local\Programs\MiKTeX\tex/generic/pdftexc
mds\pdftexcmds.sty
Package: pdftexcmds 2020-06-27 v0.33 Utility functions of pdfTeX for LuaTeX (HO
)

(C:\Users\pernille.fauskanger\AppData\Local\Programs\MiKTeX\tex/generic/infware
rr\infwarerr.sty
Package: infwarerr 2019/12/03 v1.5 Providing info/warning/error messages (HO)
)
Package pdftexcmds Info: \pdf@primitive is available.
Package pdftexcmds Info: \pdf@ifprimitive is available.
Package pdftexcmds Info: \pdfdraftmode found.
)
(C:\Users\pernille.fauskanger\AppData\Local\Programs\MiKTeX\tex/generic/kvdefin
ekeys\kvdefinekeys.sty
Package: kvdefinekeys 2019-12-19 v1.6 Define keys (HO)
)
(C:\Users\pernille.fauskanger\AppData\Local\Programs\MiKTeX\tex/generic/pdfesca
pe\pdfescape.sty
Package: pdfescape 2019/12/09 v1.15 Implements pdfTeX's escape features (HO)
)
(C:\Users\pernille.fauskanger\AppData\Local\Programs\MiKTeX\tex/latex/hycolor\h
ycolor.sty
Package: hycolor 2020-01-27 v1.10 Color options for hyperref/bookmark (HO)
)
(C:\Users\pernille.fauskanger\AppData\Local\Programs\MiKTeX\tex/latex/letltxmac
ro\letltxmacro.sty
Package: letltxmacro 2019/12/03 v1.6 Let assignment for LaTeX macros (HO)
)
(C:\Users\pernille.fauskanger\AppData\Local\Programs\MiKTeX\tex/latex/auxhook\a
uxhook.sty
Package: auxhook 2019-12-17 v1.6 Hooks for auxiliary files (HO)
)
(C:\Users\pernille.fauskanger\AppData\Local\Programs\MiKTeX\tex/latex/hyperref\
nameref.sty
Package: nameref 2022-05-17 v2.50 Cross-referencing by name of section

(C:\Users\pernille.fauskanger\AppData\Local\Programs\MiKTeX\tex/latex/refcount\
refcount.sty
Package: refcount 2019/12/15 v3.6 Data extraction from label references (HO)
)
(C:\Users\pernille.fauskanger\AppData\Local\Programs\MiKTeX\tex/generic/gettitl
estring\gettitlestring.sty
Package: gettitlestring 2019/12/15 v1.6 Cleanup title references (HO)
)
\c@section@level=\count290
)
\@linkdim=\dimen186
\Hy@linkcounter=\count291
\Hy@pagecounter=\count292

(C:\Users\pernille.fauskanger\AppData\Local\Programs\MiKTeX\tex/latex/hyperref\
pd1enc.def
File: pd1enc.def 2022-05-17 v7.00q Hyperref: PDFDocEncoding definition (HO)
Now handling font encoding PD1 ...
... no UTF-8 mapping file for font encoding PD1
)
(C:\Users\pernille.fauskanger\AppData\Local\Programs\MiKTeX\tex/generic/intcalc
\intcalc.sty
Package: intcalc 2019/12/15 v1.3 Expandable calculations with integers (HO)
)
(C:\Users\pernille.fauskanger\AppData\Local\Programs\MiKTeX\tex/generic/etexcmd
s\etexcmds.sty
Package: etexcmds 2019/12/15 v1.7 Avoid name clashes with e-TeX commands (HO)
)
\Hy@SavedSpaceFactor=\count293

(C:\Users\pernille.fauskanger\AppData\Local\Programs\MiKTeX\tex/latex/hyperref\
puenc.def
File: puenc.def 2022-05-17 v7.00q Hyperref: PDF Unicode definition (HO)
Now handling font encoding PU ...
... no UTF-8 mapping file for font encoding PU
)
Package hyperref Info: Option `unicode' set `true' on input line 4020.
Package hyperref Info: Hyper figures OFF on input line 4139.
Package hyperref Info: Link nesting OFF on input line 4144.
Package hyperref Info: Hyper index ON on input line 4147.
Package hyperref Info: Plain pages OFF on input line 4154.
Package hyperref Info: Backreferencing OFF on input line 4159.
Package hyperref Info: Implicit mode ON; LaTeX internals redefined.
Package hyperref Info: Bookmarks ON on input line 4385.
\c@Hy@tempcnt=\count294

(C:\Users\pernille.fauskanger\AppData\Local\Programs\MiKTeX\tex/latex/url\url.s
ty
\Urlmuskip=\muskip17
Package: url 2013/09/16  ver 3.4  Verb mode for urls, etc.
)
LaTeX Info: Redefining \url on input line 4723.
\XeTeXLinkMargin=\dimen187

(C:\Users\pernille.fauskanger\AppData\Local\Programs\MiKTeX\tex/generic/bitset\
bitset.sty
Package: bitset 2019/12/09 v1.3 Handle bit-vector datatype (HO)

(C:\Users\pernille.fauskanger\AppData\Local\Programs\MiKTeX\tex/generic/bigintc
alc\bigintcalc.sty
Package: bigintcalc 2019/12/15 v1.5 Expandable calculations on big integers (HO
)
))
\Fld@menulength=\count295
\Field@Width=\dimen188
\Fld@charsize=\dimen189
Package hyperref Info: Hyper figures OFF on input line 6001.
Package hyperref Info: Link nesting OFF on input line 6006.
Package hyperref Info: Hyper index ON on input line 6009.
Package hyperref Info: backreferencing OFF on input line 6016.
Package hyperref Info: Link coloring OFF on input line 6021.
Package hyperref Info: Link coloring with OCG OFF on input line 6026.
Package hyperref Info: PDF/A mode OFF on input line 6031.

(C:\Users\pernille.fauskanger\AppData\Local\Programs\MiKTeX\tex/latex/base\atbe
gshi-ltx.sty
Package: atbegshi-ltx 2021/01/10 v1.0c Emulation of the original atbegshi
package with kernel methods
)
\Hy@abspage=\count296
\c@Item=\count297
\c@Hfootnote=\count298
)
Package hyperref Info: Driver (autodetected): hpdftex.

(C:\Users\pernille.fauskanger\AppData\Local\Programs\MiKTeX\tex/latex/hyperref\
hpdftex.def
File: hpdftex.def 2022-05-17 v7.00q Hyperref driver for pdfTeX

(C:\Users\pernille.fauskanger\AppData\Local\Programs\MiKTeX\tex/latex/base\atve
ryend-ltx.sty
Package: atveryend-ltx 2020/08/19 v1.0a Emulation of the original atveryend pac
kage
with kernel methods
)
\Fld@listcount=\count299
\c@bookmark@seq@number=\count300

(C:\Users\pernille.fauskanger\AppData\Local\Programs\MiKTeX\tex/latex/rerunfile
check\rerunfilecheck.sty
Package: rerunfilecheck 2019/12/05 v1.9 Rerun checks for auxiliary files (HO)

(C:\Users\pernille.fauskanger\AppData\Local\Programs\MiKTeX\tex/generic/uniquec
ounter\uniquecounter.sty
Package: uniquecounter 2019/12/15 v1.4 Provide unlimited unique counter (HO)
)
Package uniquecounter Info: New unique counter `rerunfilecheck' on input line 2
86.
)
\Hy@SectionHShift=\skip66
)
(C:\Users\pernille.fauskanger\AppData\Local\Programs\MiKTeX\tex/latex/bookmark\
bkm-pdftex.def
File: bkm-pdftex.def 2020-11-06 v1.29 bookmark driver for pdfTeX (HO)
\BKM@id=\count301
))
(C:\Users\pernille.fauskanger\AppData\Local\Programs\MiKTeX\tex/latex/xurl\xurl
.sty
Package: xurl 2022/01/09 v 0.10 modify URL breaks
)
(C:\Users\pernille.fauskanger\AppData\Local\Programs\MiKTeX\tex/latex/l3backend
\l3backend-pdftex.def
File: l3backend-pdftex.def 2022-04-20 L3 backend support: PDF output (pdfTeX)
\l__color_backend_stack_int=\count302
\l__pdf_internal_box=\box63
) (Supplemental-file.aux)
\openout1 = `Supplemental-file.aux'.

LaTeX Font Info:    Checking defaults for OML/cmm/m/it on input line 91.
LaTeX Font Info:    ... okay on input line 91.
LaTeX Font Info:    Checking defaults for OMS/cmsy/m/n on input line 91.
LaTeX Font Info:    ... okay on input line 91.
LaTeX Font Info:    Checking defaults for OT1/cmr/m/n on input line 91.
LaTeX Font Info:    ... okay on input line 91.
LaTeX Font Info:    Checking defaults for T1/cmr/m/n on input line 91.
LaTeX Font Info:    ... okay on input line 91.
LaTeX Font Info:    Checking defaults for TS1/cmr/m/n on input line 91.
LaTeX Font Info:    ... okay on input line 91.
LaTeX Font Info:    Checking defaults for OMX/cmex/m/n on input line 91.
LaTeX Font Info:    ... okay on input line 91.
LaTeX Font Info:    Checking defaults for U/cmr/m/n on input line 91.
LaTeX Font Info:    ... okay on input line 91.
LaTeX Font Info:    Checking defaults for PD1/pdf/m/n on input line 91.
LaTeX Font Info:    ... okay on input line 91.
LaTeX Font Info:    Checking defaults for PU/pdf/m/n on input line 91.
LaTeX Font Info:    ... okay on input line 91.
LaTeX Info: Redefining \microtypecontext on input line 91.
Package microtype Info: Applying patch `item' on input line 91.
Package microtype Info: Applying patch `toc' on input line 91.
Package microtype Info: The `eqnum' patch may not be effective because you are
(microtype)             using the mathtools package. Make sure to insert
(microtype)             `\leftprotrusion' and `\rightprotrusion' as
(microtype)             appropriate in mathtools's `\newtagform' command.
Package microtype Info: Applying patch `eqnum' on input line 91.
Package microtype Info: Applying patch `footnote' on input line 91.
Package microtype Info: Generating PDF output.
Package microtype Info: Character protrusion enabled (level 2).
Package microtype Info: Using protrusion set `basicmath'.
Package microtype Info: Automatic font expansion enabled (level 2),
(microtype)             stretch: 20, shrink: 20, step: 1, non-selected.
Package microtype Info: Using default expansion set `alltext-nott'.
LaTeX Info: Redefining \showhyphens on input line 91.
Package microtype Info: No adjustment of tracking.
Package microtype Info: No adjustment of interword spacing.
Package microtype Info: No adjustment of character kerning.

(C:\Users\pernille.fauskanger\AppData\Local\Programs\MiKTeX\tex/latex/microtype
\mt-cmr.cfg
File: mt-cmr.cfg 2013/05/19 v2.2 microtype config. file: Computer Modern Roman 
(RS)
)
(C:\Users\pernille.fauskanger\AppData\Local\Programs\MiKTeX\tex/context/base/mk
ii\supp-pdf.mkii
[Loading MPS to PDF converter (version 2006.09.02).]
\scratchcounter=\count303
\scratchdimen=\dimen190
\scratchbox=\box64
\nofMPsegments=\count304
\nofMParguments=\count305
\everyMPshowfont=\toks29
\MPscratchCnt=\count306
\MPscratchDim=\dimen191
\MPnumerator=\count307
\makeMPintoPDFobject=\count308
\everyMPtoPDFconversion=\toks30
)
(C:\Users\pernille.fauskanger\AppData\Local\Programs\MiKTeX\tex/latex/epstopdf-
pkg\epstopdf-base.sty
Package: epstopdf-base 2020-01-24 v2.11 Base part for package epstopdf
Package epstopdf-base Info: Redefining graphics rule for `.eps' on input line 4
85.

(C:\Users\pernille.fauskanger\AppData\Local\Programs\MiKTeX\tex/latex/00miktex\
epstopdf-sys.cfg
File: epstopdf-sys.cfg 2021/03/18 v2.0 Configuration of epstopdf for MiKTeX
))
*geometry* driver: auto-detecting
*geometry* detected driver: pdftex
*geometry* verbose mode - [ preamble ] result:
* driver: pdftex
* paper: <default>
* layout: <same size as paper>
* layoutoffset:(h,v)=(0.0pt,0.0pt)
* modes: 
* h-part:(L,W,R)=(72.26999pt, 469.75502pt, 72.26999pt)
* v-part:(T,H,B)=(72.26999pt, 650.43001pt, 72.26999pt)
* \paperwidth=614.295pt
* \paperheight=794.96999pt
* \textwidth=469.75502pt
* \textheight=650.43001pt
* \oddsidemargin=0.0pt
* \evensidemargin=0.0pt
* \topmargin=-37.0pt
* \headheight=12.0pt
* \headsep=25.0pt
* \topskip=10.0pt
* \footskip=30.0pt
* \marginparwidth=65.0pt
* \marginparsep=11.0pt
* \columnsep=10.0pt
* \skip\footins=9.0pt plus 4.0pt minus 2.0pt
* \hoffset=0.0pt
* \voffset=0.0pt
* \mag=1000
* \@twocolumnfalse
* \@twosidefalse
* \@mparswitchfalse
* \@reversemarginfalse
* (1in=72.27pt=25.4mm, 1cm=28.453pt)

Package hyperref Info: Link coloring OFF on input line 91.
LaTeX Font Info:    Trying to load font information for OT1+lmr on input line 9
3.

(C:\Users\pernille.fauskanger\AppData\Local\Programs\MiKTeX\tex/latex/lm\ot1lmr
.fd
File: ot1lmr.fd 2015/05/01 v1.6.1 Font defs for Latin Modern
)
LaTeX Font Info:    Trying to load font information for OML+lmm on input line 9
3.

(C:\Users\pernille.fauskanger\AppData\Local\Programs\MiKTeX\tex/latex/lm\omllmm
.fd
File: omllmm.fd 2015/05/01 v1.6.1 Font defs for Latin Modern
)
LaTeX Font Info:    Trying to load font information for OMS+lmsy on input line 
93.

(C:\Users\pernille.fauskanger\AppData\Local\Programs\MiKTeX\tex/latex/lm\omslms
y.fd
File: omslmsy.fd 2015/05/01 v1.6.1 Font defs for Latin Modern
)
LaTeX Font Info:    Trying to load font information for OMX+lmex on input line 
93.

(C:\Users\pernille.fauskanger\AppData\Local\Programs\MiKTeX\tex/latex/lm\omxlme
x.fd
File: omxlmex.fd 2015/05/01 v1.6.1 Font defs for Latin Modern
)
LaTeX Font Info:    External font `lmex10' loaded for size
(Font)              <12> on input line 93.
LaTeX Font Info:    External font `lmex10' loaded for size
(Font)              <8> on input line 93.
LaTeX Font Info:    External font `lmex10' loaded for size
(Font)              <6> on input line 93.
LaTeX Font Info:    Trying to load font information for U+msa on input line 93.


(C:\Users\pernille.fauskanger\AppData\Local\Programs\MiKTeX\tex/latex/amsfonts\
umsa.fd
File: umsa.fd 2013/01/14 v3.01 AMS symbols A
)
(C:\Users\pernille.fauskanger\AppData\Local\Programs\MiKTeX\tex/latex/microtype
\mt-msa.cfg
File: mt-msa.cfg 2006/02/04 v1.1 microtype config. file: AMS symbols (a) (RS)
)
LaTeX Font Info:    Trying to load font information for U+msb on input line 93.


(C:\Users\pernille.fauskanger\AppData\Local\Programs\MiKTeX\tex/latex/amsfonts\
umsb.fd
File: umsb.fd 2013/01/14 v3.01 AMS symbols B
)
(C:\Users\pernille.fauskanger\AppData\Local\Programs\MiKTeX\tex/latex/microtype
\mt-msb.cfg
File: mt-msb.cfg 2005/06/01 v1.0 microtype config. file: AMS symbols (b) (RS)
)
LaTeX Font Info:    External font `lmex10' loaded for size
(Font)              <10> on input line 123.
LaTeX Font Info:    External font `lmex10' loaded for size
(Font)              <7> on input line 123.
LaTeX Font Info:    External font `lmex10' loaded for size
(Font)              <5> on input line 123.
[1

{C:/Users/pernille.fauskanger/AppData/Local/MiKTeX/fonts/map/pdftex/pdftex.map}
] [2] [3] [4] [5] [6] [7]
<Supplemental-file_files/figure-latex/principle-figures-setting-2-1.pdf, id=167
, 433.62pt x 216.81pt>
File: Supplemental-file_files/figure-latex/principle-figures-setting-2-1.pdf Gr
aphic file (type pdf)
<use Supplemental-file_files/figure-latex/principle-figures-setting-2-1.pdf>
Package pdftex.def Info: Supplemental-file_files/figure-latex/principle-figures
-setting-2-1.pdf  used on input line 491.
(pdftex.def)             Requested size: 433.63878pt x 216.81938pt.
[8] [9 <./Supplemental-file_files/figure-latex/principle-figures-setting-2-1.pd
f>] [10]
<Supplemental-file_files/figure-latex/first-set-simulation-results-1.pdf, id=24
5, 722.7pt x 578.16pt>
File: Supplemental-file_files/figure-latex/first-set-simulation-results-1.pdf G
raphic file (type pdf)
<use Supplemental-file_files/figure-latex/first-set-simulation-results-1.pdf>
Package pdftex.def Info: Supplemental-file_files/figure-latex/first-set-simulat
ion-results-1.pdf  used on input line 623.
(pdftex.def)             Requested size: 469.76045pt x 375.80836pt.
LaTeX Font Info:    Trying to load font information for T1+lmtt on input line 6
26.

(C:\Users\pernille.fauskanger\AppData\Local\Programs\MiKTeX\tex/latex/lm\t1lmtt
.fd
File: t1lmtt.fd 2015/05/01 v1.6.1 Font defs for Latin Modern
)
LaTeX Font Info:    Trying to load font information for TS1+lmtt on input line 
656.

(C:\Users\pernille.fauskanger\AppData\Local\Programs\MiKTeX\tex/latex/lm\ts1lmt
t.fd
File: ts1lmtt.fd 2015/05/01 v1.6.1 Font defs for Latin Modern
) [11 <./Supplemental-file_files/figure-latex/first-set-simulation-results-1.pd
f>]
<Supplemental-file_files/figure-latex/first-set-simulation-results-extra-1.pdf,
 id=264, 867.24pt x 650.43pt>
File: Supplemental-file_files/figure-latex/first-set-simulation-results-extra-1
.pdf Graphic file (type pdf)
<use Supplemental-file_files/figure-latex/first-set-simulation-results-extra-1.
pdf>
Package pdftex.def Info: Supplemental-file_files/figure-latex/first-set-simulat
ion-results-extra-1.pdf  used on input line 659.
(pdftex.def)             Requested size: 469.75827pt x 352.31868pt.
[12] [13 <./Supplemental-file_files/figure-latex/first-set-simulation-results-e
xtra-1.pdf>]
<Supplemental-file_files/figure-latex/second-set-simulation-results-1.pdf, id=2
85, 867.24pt x 1011.78pt>
File: Supplemental-file_files/figure-latex/second-set-simulation-results-1.pdf 
Graphic file (type pdf)
<use Supplemental-file_files/figure-latex/second-set-simulation-results-1.pdf>
Package pdftex.def Info: Supplemental-file_files/figure-latex/second-set-simula
tion-results-1.pdf  used on input line 672.
(pdftex.def)             Requested size: 469.75827pt x 548.0513pt.
<Supplemental-file_files/figure-latex/third-set-simulation-results-1.pdf, id=28
8, 939.51pt x 1445.4pt>
File: Supplemental-file_files/figure-latex/third-set-simulation-results-1.pdf G
raphic file (type pdf)
<use Supplemental-file_files/figure-latex/third-set-simulation-results-1.pdf>
Package pdftex.def Info: Supplemental-file_files/figure-latex/third-set-simulat
ion-results-1.pdf  used on input line 683.
(pdftex.def)             Requested size: 422.77559pt x 650.424pt.

LaTeX Warning: Float too large for page by 23.93842pt on input line 684.

<Supplemental-file_files/figure-latex/third-set-simulation-results-extra-1.pdf,
 id=289, 939.51pt x 1373.13pt>
File: Supplemental-file_files/figure-latex/third-set-simulation-results-extra-1
.pdf Graphic file (type pdf)
<use Supplemental-file_files/figure-latex/third-set-simulation-results-extra-1.
pdf>
Package pdftex.def Info: Supplemental-file_files/figure-latex/third-set-simulat
ion-results-extra-1.pdf  used on input line 687.
(pdftex.def)             Requested size: 445.02467pt x 650.4207pt.

LaTeX Warning: Float too large for page by 23.93512pt on input line 688.

LaTeX Font Info:    Trying to load font information for TS1+lmr on input line 6
95.

(C:\Users\pernille.fauskanger\AppData\Local\Programs\MiKTeX\tex/latex/lm\ts1lmr
.fd
File: ts1lmr.fd 2015/05/01 v1.6.1 Font defs for Latin Modern
)
<Supplemental-file_files/figure-latex/fourth-set-of-simulations-results-1.pdf, 
id=294, 1011.78pt x 867.24pt>
File: Supplemental-file_files/figure-latex/fourth-set-of-simulations-results-1.
pdf Graphic file (type pdf)
<use Supplemental-file_files/figure-latex/fourth-set-of-simulations-results-1.p
df>
Package pdftex.def Info: Supplemental-file_files/figure-latex/fourth-set-of-sim
ulations-results-1.pdf  used on input line 712.
(pdftex.def)             Requested size: 469.76266pt x 402.65372pt.
<Supplemental-file_files/figure-latex/fourth-set-of-simulations-results-extra-1
.pdf, id=295, 1011.78pt x 867.24pt>
File: Supplemental-file_files/figure-latex/fourth-set-of-simulations-results-ex
tra-1.pdf Graphic file (type pdf)
<use Supplemental-file_files/figure-latex/fourth-set-of-simulations-results-ext
ra-1.pdf>
Package pdftex.def Info: Supplemental-file_files/figure-latex/fourth-set-of-sim
ulations-results-extra-1.pdf  used on input line 716.
(pdftex.def)             Requested size: 469.76266pt x 402.65372pt.
[14] [15 <./Supplemental-file_files/figure-latex/second-set-simulation-results-
1.pdf>] [16 <./Supplemental-file_files/figure-latex/third-set-simulation-result
s-1.pdf>] [17 <./Supplemental-file_files/figure-latex/third-set-simulation-resu
lts-extra-1.pdf>] [18 <./Supplemental-file_files/figure-latex/fourth-set-of-sim
ulations-results-1.pdf>] [19 <./Supplemental-file_files/figure-latex/fourth-set
-of-simulations-results-extra-1.pdf>]
<Supplemental-file_files/figure-latex/fifth-set-of-simulations-results-1.pdf, i
d=365, 867.24pt x 867.24pt>
File: Supplemental-file_files/figure-latex/fifth-set-of-simulations-results-1.p
df Graphic file (type pdf)
<use Supplemental-file_files/figure-latex/fifth-set-of-simulations-results-1.pd
f>
Package pdftex.def Info: Supplemental-file_files/figure-latex/fifth-set-of-simu
lations-results-1.pdf  used on input line 722.
(pdftex.def)             Requested size: 469.75827pt x 469.75827pt.
<Supplemental-file_files/figure-latex/fifth-set-of-simulations-results-extra-1.
pdf, id=366, 1300.86pt x 1084.05pt>
File: Supplemental-file_files/figure-latex/fifth-set-of-simulations-results-ext
ra-1.pdf Graphic file (type pdf)
<use Supplemental-file_files/figure-latex/fifth-set-of-simulations-results-extr
a-1.pdf>
Package pdftex.def Info: Supplemental-file_files/figure-latex/fifth-set-of-simu
lations-results-extra-1.pdf  used on input line 724.
(pdftex.def)             Requested size: 469.75827pt x 391.46521pt.
[20 <./Supplemental-file_files/figure-latex/fifth-set-of-simulations-results-1.
pdf>] [21 <./Supplemental-file_files/figure-latex/fifth-set-of-simulations-resu
lts-extra-1.pdf>] (Supplemental-file.aux) ) 
Here is how much of TeX's memory you used:
 14885 strings out of 478354
 249571 string characters out of 2830510
 586960 words of memory out of 3000000
 32640 multiletter control sequences out of 15000+600000
 533388 words of font info for 161 fonts, out of 8000000 for 9000
 1141 hyphenation exceptions out of 8191
 74i,12n,81p,2074b,602s stack positions out of 10000i,1000n,20000p,200000b,80000s
{C:/Users/pernille.fauskanger/AppDat
a/Local/Programs/MiKTeX/fonts/enc/dvips/lm/lm-ts1.enc}{C:/Users/pernille.fauska
nger/AppData/Local/Programs/MiKTeX/fonts/enc/dvips/lm/lm-ec.enc}{C:/Users/perni
lle.fauskanger/AppData/Local/Programs/MiKTeX/fonts/enc/dvips/lm/lm-rm.enc}{C:/U
sers/pernille.fauskanger/AppData/Local/Programs/MiKTeX/fonts/enc/dvips/lm/lm-ma
thsy.enc}{C:/Users/pernille.fauskanger/AppData/Local/Programs/MiKTeX/fonts/enc/
dvips/lm/lm-mathit.enc}{C:/Users/pernille.fauskanger/AppData/Local/Programs/MiK
TeX/fonts/enc/dvips/lm/lm-mathex.enc}<C:/Users/pernille.fauskanger/AppData/Loca
l/Programs/MiKTeX/fonts/type1/public/lm/lmbx10.pfb><C:/Users/pernille.fauskange
r/AppData/Local/Programs/MiKTeX/fonts/type1/public/lm/lmbx12.pfb><C:/Users/pern
ille.fauskanger/AppData/Local/Programs/MiKTeX/fonts/type1/public/lm/lmex10.pfb>
<C:/Users/pernille.fauskanger/AppData/Local/Programs/MiKTeX/fonts/type1/public/
lm/lmmi10.pfb><C:/Users/pernille.fauskanger/AppData/Local/Programs/MiKTeX/fonts
/type1/public/lm/lmmi5.pfb><C:/Users/pernille.fauskanger/AppData/Local/Programs
/MiKTeX/fonts/type1/public/lm/lmmi7.pfb><C:/Users/pernille.fauskanger/AppData/L
ocal/Programs/MiKTeX/fonts/type1/public/lm/lmr10.pfb><C:/Users/pernille.fauskan
ger/AppData/Local/Programs/MiKTeX/fonts/type1/public/lm/lmr12.pfb><C:/Users/per
nille.fauskanger/AppData/Local/Programs/MiKTeX/fonts/type1/public/lm/lmr17.pfb>
<C:/Users/pernille.fauskanger/AppData/Local/Programs/MiKTeX/fonts/type1/public/
lm/lmr5.pfb><C:/Users/pernille.fauskanger/AppData/Local/Programs/MiKTeX/fonts/t
ype1/public/lm/lmr7.pfb><C:/Users/pernille.fauskanger/AppData/Local/Programs/Mi
KTeX/fonts/type1/public/lm/lmri10.pfb><C:/Users/pernille.fauskanger/AppData/Loc
al/Programs/MiKTeX/fonts/type1/public/lm/lmsy10.pfb><C:/Users/pernille.fauskang
er/AppData/Local/Programs/MiKTeX/fonts/type1/public/lm/lmsy7.pfb><C:/Users/pern
ille.fauskanger/AppData/Local/Programs/MiKTeX/fonts/type1/public/lm/lmtt10.pfb>
<C:/Users/pernille.fauskanger/AppData/Local/Programs/MiKTeX/fonts/type1/public/
amsfonts/symbols/msbm10.pfb>
Output written on Supplemental-file.pdf (21 pages, 4164322 bytes).
PDF statistics:
 594 PDF objects out of 1000 (max. 8388607)
 217 named destinations out of 1000 (max. 500000)
 35067 words of extra memory for PDF output out of 35830 (max. 10000000)

